[     713ms] [WARNING] cdn.tailwindcss.com should not be used in production. To use Tailwind CSS in production, install it as a PostCSS plugin or use the Tailwind CLI: https://tailwindcss.com/docs/installation @ https://cdn.tailwindcss.com/?plugins=typography:65
[    1828ms] [ERROR] Failed to load resource: the server responded with a status of 404 () @ https://mkt918.github.io/favicon.ico:0
[   45601ms] TypeError: Cannot set properties of null (setting 'innerHTML')
    at openDetail (https://mkt918.github.io/04_manual/main.js:58:28)
    at HTMLDivElement.onclick (https://mkt918.github.io/04_manual/:142:2)
[   47202ms] TypeError: Cannot set properties of null (setting 'innerHTML')
    at openDetail (https://mkt918.github.io/04_manual/main.js:58:28)
    at HTMLDivElement.onclick (https://mkt918.github.io/04_manual/:142:2)
[   49269ms] TypeError: Cannot set properties of null (setting 'innerHTML')
    at openDetail (https://mkt918.github.io/04_manual/main.js:58:28)
    at HTMLDivElement.onclick (https://mkt918.github.io/04_manual/:142:2)
[   49970ms] TypeError: Cannot set properties of null (setting 'innerHTML')
    at openDetail (https://mkt918.github.io/04_manual/main.js:58:28)
    at HTMLDivElement.onclick (https://mkt918.github.io/04_manual/:142:2)
[   50169ms] TypeError: Cannot set properties of null (setting 'innerHTML')
    at openDetail (https://mkt918.github.io/04_manual/main.js:58:28)
    at HTMLDivElement.onclick (https://mkt918.github.io/04_manual/:142:2)
[   51153ms] TypeError: Cannot set properties of null (setting 'innerHTML')
    at openDetail (https://mkt918.github.io/04_manual/main.js:58:28)
    at HTMLDivElement.onclick (https://mkt918.github.io/04_manual/:142:2)
[   51292ms] TypeError: Cannot set properties of null (setting 'innerHTML')
    at openDetail (https://mkt918.github.io/04_manual/main.js:58:28)
    at HTMLDivElement.onclick (https://mkt918.github.io/04_manual/:142:2)
[   51470ms] TypeError: Cannot set properties of null (setting 'innerHTML')
    at openDetail (https://mkt918.github.io/04_manual/main.js:58:28)
    at HTMLDivElement.onclick (https://mkt918.github.io/04_manual/:142:2)
[   51644ms] TypeError: Cannot set properties of null (setting 'innerHTML')
    at openDetail (https://mkt918.github.io/04_manual/main.js:58:28)
    at HTMLDivElement.onclick (https://mkt918.github.io/04_manual/:142:2)
[   51805ms] TypeError: Cannot set properties of null (setting 'innerHTML')
    at openDetail (https://mkt918.github.io/04_manual/main.js:58:28)
    at HTMLDivElement.onclick (https://mkt918.github.io/04_manual/:142:2)
[   52251ms] TypeError: Cannot set properties of null (setting 'innerHTML')
    at openDetail (https://mkt918.github.io/04_manual/main.js:58:28)
    at HTMLDivElement.onclick (https://mkt918.github.io/04_manual/:142:2)
[   53704ms] TypeError: Cannot set properties of null (setting 'innerHTML')
    at openDetail (https://mkt918.github.io/04_manual/main.js:58:28)
    at HTMLDivElement.onclick (https://mkt918.github.io/04_manual/:142:2)
[   55888ms] TypeError: Cannot set properties of null (setting 'innerHTML')
    at openDetail (https://mkt918.github.io/04_manual/main.js:58:28)
    at HTMLDivElement.onclick (https://mkt918.github.io/04_manual/:142:2)
[   56506ms] TypeError: Cannot set properties of null (setting 'innerHTML')
    at openDetail (https://mkt918.github.io/04_manual/main.js:58:28)
    at HTMLDivElement.onclick (https://mkt918.github.io/04_manual/:142:2)
[   60439ms] TypeError: Cannot set properties of null (setting 'innerHTML')
    at openDetail (https://mkt918.github.io/04_manual/main.js:58:28)
    at HTMLDivElement.onclick (https://mkt918.github.io/04_manual/:142:2)
[   60873ms] TypeError: Cannot set properties of null (setting 'innerHTML')
    at openDetail (https://mkt918.github.io/04_manual/main.js:58:28)
    at HTMLDivElement.onclick (https://mkt918.github.io/04_manual/:142:2)
[   61056ms] TypeError: Cannot set properties of null (setting 'innerHTML')
    at openDetail (https://mkt918.github.io/04_manual/main.js:58:28)
    at HTMLDivElement.onclick (https://mkt918.github.io/04_manual/:142:2)
[   62807ms] TypeError: Cannot set properties of null (setting 'innerHTML')
    at openDetail (https://mkt918.github.io/04_manual/main.js:58:28)
    at HTMLDivElement.onclick (https://mkt918.github.io/04_manual/:142:2)
[   62973ms] TypeError: Cannot set properties of null (setting 'innerHTML')
    at openDetail (https://mkt918.github.io/04_manual/main.js:58:28)
    at HTMLDivElement.onclick (https://mkt918.github.io/04_manual/:142:2)
[   66508ms] TypeError: Cannot set properties of null (setting 'innerHTML')
    at openDetail (https://mkt918.github.io/04_manual/main.js:58:28)
    at HTMLDivElement.onclick (https://mkt918.github.io/04_manual/#list:1:1)
[   67361ms] TypeError: Cannot set properties of null (setting 'innerHTML')
    at openDetail (https://mkt918.github.io/04_manual/main.js:58:28)
    at HTMLDivElement.onclick (https://mkt918.github.io/04_manual/#list:1:1)
